1ff80000 A __start__
1ff80000 T _start
1ff80004 T operation
1ff80008 t start
1ff80050 T prepareForFirmlaunch
1ff80058 t _wait_for_core0_entrypoint_loop
1ff80068 t prepareForFirmlaunchEnd
1ff80068 T prepareForFirmlaunchSize
1ff8007c T _init
1ff80094 t __do_global_dtors_aux
1ff800d4 t frame_dummy
1ff80100 00000480 T main
1ff80580 0000002c T memcpy
1ff805ac 00000028 T memset
1ff805d4 00000084 T __libc_init_array
1ff80658 T _fini
1ff80690 d __frame_dummy_init_array_entry
1ff80690 D __init_array_start
1ff80690 D __preinit_array_end
1ff80690 D __preinit_array_start
1ff80694 d __do_global_dtors_aux_fini_array_entry
1ff80694 D __init_array_end
1ff80698 ? __exidx_end
1ff80698 ? __exidx_start
1ff806a0 A __bss_start__
1ff806a0 b completed.1
1ff806a4 b object.0
1ff806c0 A __bss_end__
1fffe000 A __stack_top__
