         w __deregister_frame_info
         w __register_frame_info
00000000 A __sync_synchronize
00100000 A __start__
00100000 T _start
00100008 T __service_ptr
0010000c T __apt_appid
00100010 T __heap_size
00100014 T __linear_heap_size
00100018 T __system_arglist
0010001c T __system_runflags
00100020 t startup
00100058 t ClearMem
0010006c t ClrLoop
00100094 T _init
001000ac t __do_global_dtors_aux
001000ec t frame_dummy
00100118 00000004 t panic.constprop.0
0010011c 00000098 T buildList
001001b4 000000a4 T moveNode
00100258 00000060 T allocateNode
001002b8 00000004 t panic.isra.0
001002bc 00000008 T __wrap_exit
001002c4 000000a8 T initSystem
0010036c 000005d4 T main
00100940 00000004 t panic.isra.0
00100944 000000ac t doPublishNotification
001009f0 00000068 T EnableNotification
00100a58 000000a0 T Subscribe
00100af8 00000090 T Unsubscribe
00100b88 00000070 T ReceiveNotification
00100bf8 000000a4 T PublishToSubscriber
00100c9c 000000f0 T PublishAndGetSubscriber
00100d8c 000000b0 T PublishToProcess
00100e3c 0000009c T PublishToAll
00100ed8 00000004 t panic.isra.0
00100edc 00000038 T findProcessData
00100f14 00000050 T doRegisterProcess
00100f64 000000b8 T RegisterProcess
0010101c 000000e4 T UnregisterProcess
00101100 00000004 t panic.isra.0
00101104 000000b0 t findServicePortByName
001011b4 000001bc t doRegisterServiceOrPort.part.0
00101370 00000094 t UnregisterServiceOrPort.part.0
00101404 00000078 T doRegisterService
0010147c 00000078 T RegisterService
001014f4 00000080 T RegisterPort
00101574 00000060 T UnregisterService
001015d4 00000060 T UnregisterPort
00101634 00000070 T IsServiceRegistered
001016a4 000000dc T GetServiceHandle
00101780 000000bc T GetPort
0010183c 00000330 T srvHandleCommands
00101b6c 0000016c T srvPmHandleCommands
00101cd8 0000000c T __sync_init
00101ce4 T svcExitProcess
00101cec T svcCreateSemaphore
00101d00 T svcReleaseSemaphore
00101d14 T svcCreateAddressArbiter
00101d28 T svcCloseHandle
00101d30 T svcGetSystemInfo
00101d48 T svcGetProcessId
00101d5c T svcCreatePort
00101d7c T svcCreateSessionToPort
00101d90 T svcAcceptSession
00101da8 T svcReplyAndReceive
00101dc0 000000d8 T strncmp
00101e98 0000004c T strnlen
00101ee4 000000e8 T memset
00101fcc 000000c4 T strncpy
00102090 T _fini
00103024 R __tdata_align
00103028 r __EH_FRAME_BEGIN__
00103028 R __exidx_end
00103028 R __exidx_start
00104000 d __frame_dummy_init_array_entry
00104000 D __tdata_lma
00104000 D __tdata_lma_end
00104004 d __do_global_dtors_aux_fini_array_entry
00104008 D __bss_start__
00104008 b completed.1
0010400c b object.0
00104024 00000110 b serviceAccessListStaticBuffer
00104134 00002b00 b processDataPool
00106c34 00000d10 b sessionDataPool
00107944 00000008 B sessionDataWaitingPortReadyList
0010794c 00000008 B sessionDataToWakeUpAfterServiceOrPortRegisterList
00107954 00000008 B sessionDataWaitingForServiceOrPortRegisterList
0010795c 00000008 B freeSessionDataList
00107964 00000008 B sessionDataInUseList
0010796c 00000004 B resumeGetServiceHandleOrPortRegisteredSemaphore
00107970 00000004 B nbSection0Modules
00107974 00000008 B freeProcessDataList
0010797c 00000008 B processDataInUseList
00107984 00000004 B nbServices
00107988 00000c80 B servicesInfo
00108608 00000004 b arbiter
0010860c 00000004 B __system_argv
00108610 00000004 B __system_argc
00108614 B __bss_end__
00108614 A __end__
00108614 B __tls_end
00108614 B __tls_start
