01ff8000 A __itcm_start__
01ff8000 T _arm9ExceptionHandlerCommon
01ff804c T FIQHandler
01ff805c T undefinedInstructionHandler
01ff806c T prefetchAbortHandler
01ff80b8 t _prefetchAbortNormalHandler
01ff80c8 T dataAbortHandler
01ff8104 t _j_dataAbortNormalHandler
01ff8108 t _dataAbortNormalHandler
01ff8118 T safecpy
01ff8124 t _safecpy_loop
01ff8140 t _safecpy_loop_end
01ff8148 t _safecpy_end
01ff8150 T chainload
01ff815c T disableMpuAndJumpToEntrypoints
01ff81b4 0000018c T chainloader_main
01ff8340 000000cc t i2cStartTransfer
01ff840c 00000070 T I2C_init
01ff847c 00000094 T I2C_readRegBuf
01ff8510 000000b0 T I2C_writeRegBuf
01ff85c0 0000005c T I2C_readReg
01ff861c 00000024 T I2C_writeReg
01ff8640 0000005c t dumpArm9Memory.constprop.0
01ff869c 000003a0 T arm9ExceptionHandlerMain
01ff8a40 T emunandPatch
01ff8a80 t out
01ff8a98 t _emunandPatchEnd
01ff8a98 T emunandProtoPatch
01ff8abc t _pastSdmc
01ff8ad8 t _out
01ff8b00 T emunandProtoCidPatch
01ff8b38 t _cid_return
01ff8b4c T emunandProtoPatch238
01ff8b70 t _pastSdmc238
01ff8b8c t _out238
01ff8ba8 t _emunandPatchBssStart
01ff8ba8 T emunandPatchSdmmcStructPtr
01ff8bac T emunandPatchNandOffset
01ff8bb0 T emunandPatchNcsdHeaderOffset
01ff8bb4 T emunandPatchNandCid
01ff8bc4 t _emunandPatchBssEnd
01ff8bc4 T emunandPatchSize
01ff8bc8 T emunandPatchBssSize
01ff8bd0 T arm9ExceptionHandlerAddressTable
01ff8be8 0000000c t CSWTCH.4
01ff8bf4 00000024 t i2cDevTable
01ff8c20 A __itcm_bss_start__
01ff8c20 B arm9ExceptionHandlerSvcBreakAddress
01ff8c24 b _regs
01ff8c80 A __itcm_end__
01ffb800 A __itcm_stack_top__
08006000 A __start__
08006000 T _start
08006158 T _init
08006180 A __itcm_lma__
08006da0 T waitcycles
08006da8 t waitcycles_loop
08006dc0 t .udivsi3_skip_div0_test
08006dc0 T __aeabi_uidiv
08006dc0 000000f4 T __udivsi3
08006eb4 00000020 T __aeabi_uidivmod
08006ed4 00000004 W __aeabi_idiv0
08006ed4 00000004 W __aeabi_ldiv0
08006ed8 T __aeabi_ldivmod
08006fac T __aeabi_uldivmod
08006fe8 00000028 T __clzdi2
08007010 00000048 T __clzsi2
08007058 00000224 T strcmp
0800727c t __do_global_dtors_aux
080072bc t frame_dummy
080072ec 00000084 t writeConfigMcu
08007370 000000d0 t parseHexIntOption.constprop.0
08007440 0000020c t encodedFloatToString.isra.0
0800764c 00000378 t saveLumaIniConfigToStr.constprop.0
080079c4 0000030c t parseDecFloatOption
08007cd0 00001674 t configIniHandler
08009348 00000200 T readConfig
08009548 000000c4 T writeConfig
0800960c 000009ac T configMenu
08009fb8 000000bc t aes_advctr
0800a074 00000058 t aes_change_ctrmode.constprop.0
0800a0cc 00000224 t aes
0800a2f0 00000108 T sha
0800a3f8 000000f4 T ctrNandRead
0800a4ec 00000148 T ctrNandInit
0800a634 00000114 T ctrNandWrite
0800a748 00000178 T decryptExeFs
0800a8c0 0000019c T decryptNusFirm
0800aa5c 00000534 T setupKeyslots
0800af90 00000300 T kernel9Loader
0800b290 00000078 T computePinHash
0800b308 00000120 t loadDeliverArg.part.0
0800b428 0000009c T commitDeliverArg
0800b4c4 00000048 T hasValidTlncAutobootParams
0800b50c 0000022c T configureHomebrewAutoboot
0800b738 000000d8 T loadSplash
0800b810 00000088 T drawCharacter
0800b898 000000b8 T drawString
0800b950 00000050 T drawFormattedString
0800b9a0 00000210 T locateEmuNand
0800bbb0 00000144 T patchEmuNand
0800bcf4 00000228 T patchProtoEmuNand
0800bf1c 0000003c T installArm9Handlers
0800bf58 00000758 T detectAndProcessExceptionDumps
0800c6b0 00000030 t overlaps
0800c6e0 00000018 t inRange
0800c6f8 00000208 t checkFirm
0800c900 00000110 t loadFirmFromStorage
0800ca10 00000604 t mergeSection0
0800d014 0000034c T loadNintendoFirm
0800d360 00000110 T loadHomebrewFirm
0800d470 000002ec T patchNativeFirm
0800d75c 000001bc T patchTwlFirm
0800d918 00000134 T patchAgbFirm
0800da4c 000001e4 T patch1x2xNativeAndSafeFirm
0800dc30 0000008c T patchPrototypeNative
0800dcbc 00000028 T launchFirm
0800dce4 000004f8 t processNumber
0800e1dc 00000500 T vsprintf
0800e6dc 0000002c T sprintf
0800e708 000000c0 T mountSdCardPartition
0800e7c8 000000c0 T remountCtrNandPartition
0800e888 00000030 T unmountPartitions
0800e8b8 00000084 T fileRead
0800e93c 00000010 T getFileSize
0800e94c 00000134 T fileWrite
0800ea80 00000014 T fileDelete
0800ea94 000001b4 T fileCopy
0800ec48 0000046c t backupEssentialFiles
0800f0b4 00000134 T findPayload
0800f1e8 00000308 T payloadMenu
0800f4f0 00000118 T firmRead
0800f608 00000080 T findDumpFile
0800f688 000000f0 T doLumaUpgradeProcess
0800f778 00000060 t ini_reader_string
0800f7d8 0000007c t find_chars_or_comment
0800f854 0000037c T ini_parse_stream
0800fbd0 00000040 T ini_parse_string
0800fc10 00000ad0 T main
080106e0 000000d8 T memsearch
080107b8 00000028 T copyFromLegacyModeFcram
080107e0 0000002c T copyToLegacyModeFcram
0801080c 00000088 T getProcess9Info
08010894 000000f0 T getKernel11Info
08010984 0000034c T installK11Extension
08010cd0 000002a4 T patchKernel11
08010f74 00000074 T patchSignatureChecks
08010fe8 00000074 T patchOldSignatureChecks
0801105c 000000dc T patchFirmlaunches
08011138 00000064 T patchFirmWrites
0801119c 0000003c T patchOldFirmWrites
080111d8 0000004c T patchTitleInstallMinVersionChecks
08011224 00000034 T patchZeroKeyNcchEncryptionCheck
08011258 00000034 T patchNandNcchEncryptionCheck
0801128c 00000034 T patchCheckForDevCommonKey
080112c0 000000d0 T patchK11ModuleLoading
08011390 000000b0 T patchK11ModuleLoadingLgy
08011440 00000188 T patchArm9ExceptionHandlersInstall
080115c8 00000088 T patchSvcBreak9
08011650 00000034 T patchKernel9Panic
08011684 00000040 T patchP9AccessChecks
080116c4 00000048 T patchUnitInfoValueSet
0801170c 000000d8 T patchP9AMTicketWrapperZeroKeyIV
080117e4 00000048 T patchLgySignatureChecks
0801182c 00000034 T patchTwlInvalidSignatureChecks
08011860 00000038 T patchTwlNintendoLogoChecks
08011898 00000038 T patchTwlWhitelistChecks
080118d0 000000a0 T patchTwlFlashcartChecks
08011970 00000044 T patchOldTwlFlashcartChecks
080119b4 00000040 T patchTwlShaHashChecks
080119f4 00000030 T patchAgbBootSplash
08011a24 0000008c T patchTwlBg
08011ab0 00000108 T patchLgyK11
08011bb8 00000074 T patchProtoNandSignatureCheck
08011c2c 00000270 T newPin
08011e9c 000002f4 T verifyPin
08012190 00000030 T prepareArm11ForFirmlaunch
080121c0 00000048 T deinitScreens
08012208 00000044 T updateBrightness
0801224c 0000003c T swapFramebuffers
08012288 00000058 T clearScreens
080122e0 0000020c T initScreens
080124ec 0000004c T hexAtoi
08012538 00000048 T decAtoi
08012580 00000060 t startChrono.part.0
080125e0 00000064 T mcuPowerOff
08012648 000000a8 T wait
080126f0 000002b0 T waitInput
080129a0 00000090 T error
08012a30 000000bc T crc16
08012aec 000000b4 T crc32
08012ba0 00000008 T disk_status
08012ba8 00000078 T disk_initialize
08012c20 00000058 T disk_read
08012c78 00000074 T disk_write
08012cec 00000010 T disk_ioctl
08012cfc 00000178 T get_fattime
08012e74 000000f0 t tchar2uni
08012f64 00000118 t get_ldnumber
0801307c 00000060 t validate
080130dc 0000008c t sync_window
08013168 00000130 t put_utf
08013298 0000025c t get_fileinfo
080134f4 000000a0 t dir_clear
08013594 00000168 t pattern_match
080136fc 0000016c t sync_fs
08013868 000000b8 t move_window
08013920 000001ac t put_fat.part.0
08013acc 00000138 t get_fat.isra.0
08013c04 000000ec t remove_chain
08013cf0 000001f8 t create_chain
08013ee8 0000013c t dir_next
08014024 000001e8 t dir_read.constprop.0
0801420c 00000128 t dir_sdi
08014334 000000c8 t dir_remove
080143fc 000002a8 t dir_find
080146a4 0000059c t follow_path
08014c40 00000488 t dir_register
080150c8 000001e0 t check_fs
080152a8 000004f4 t mount_volume
0801579c 00000094 T f_mount
08015830 00000364 T f_open
08015b94 0000026c T f_read
08015e00 000002c4 T f_write
080160c4 0000015c T f_sync
08016220 00000040 T f_close
08016260 00000038 T f_chdrive
08016298 000000b8 T f_chdir
08016350 000000dc T f_opendir
0801642c 00000054 T f_closedir
08016480 000000b4 T f_readdir
08016534 00000068 T f_findnext
0801659c 00000030 T f_findfirst
080165cc 00000184 T f_truncate
08016750 00000138 T f_unlink
08016888 00000260 T f_mkdir
08016ae8 00000078 T ff_uni2oem
08016b60 00000040 T ff_oem2uni
08016ba0 0000012c T ff_wtoupper
08016ccc 0000029c t sdmmc_send_command
08016f68 00000098 t calcSDSize
08017000 00000074 t inittarget
08017074 00000020 T getMMCDevice
08017094 0000008c T sdmmc_sdcard_writesectors
08017120 0000008c T sdmmc_sdcard_readsectors
080171ac 00000098 T sdmmc_nand_readsectors
08017244 00000098 T sdmmc_nand_writesectors
080172dc 0000008c T sdmmc_get_cid
08017368 00000544 T sdmmc_sdcard_init
080178c0 T alignedseqmemcpy
08017920 T flushEntireDCache
08017924 t outer_loop
08017928 t inner_loop
08017950 T flushDCacheRange
08017958 t flush_dcache_range_loop
08017974 T flushEntireICache
08017980 T flushICacheRange
08017988 t flush_icache_range_loop
0801799c 00000128 T __udivmoddi4
08017ac4 0000013c T strchr
08017c00 00000060 T strlen
08017c60 000000dc T memcmp
08017d3c 00000030 T strchrnul
08017d6c 00000070 T strcasecmp
08017ddc 00000054 T strnlen
08017e30 00000130 T memcpy
08017f60 00000100 T memset
08018060 000000f0 T strcpy
08018150 000000d0 T strncpy
08018220 00000090 T __libc_init_array
080182b0 T _fini
080182c8 00000008 t __I2C_readRegBuf_veneer
080182d0 00000008 t __chainload_veneer
080182d8 00000008 t __I2C_readReg_veneer
080182e0 00000008 t __I2C_writeRegBuf_veneer
080182e8 00000008 t __I2C_writeReg_veneer
080182f0 00000008 t __I2C_init_veneer
08018324 R config_template_ini
0801a1dc R config_template_ini_end
0801c7bc 0000000c r CSWTCH.72
0801c7c8 00000038 r optionsDescription.0
0801c800 00000020 r singleOptionsText.1
0801c820 00000010 r bootTypes.2
0801c830 00000018 r multiOptionsText.3
0801c848 00000010 r pinOptionToDigits.4
0801c858 00000080 r keyNames
0801c8d8 00000010 r singleOptionIniNamesMisc
0801c8e8 00000018 r singleOptionIniNamesBoot
0801c900 00000020 r keyY0x2Fs.3
0801c920 00000020 r keyX0x25s.4
0801c940 00000020 r key2s
0801c960 00000020 r key1s
0801c980 00000005 r appmemtypesO3ds.0
0801c988 00000005 r appmemtypesN3ds.1
0801c990 00000800 r font
0801d190 0000000c r readcid_pattern.0
0801d19c 00000005 r mount_pattern.1
0801d1a4 0000000c r pattern.2
0801d1b0 0000000c r readcid_pattern.3
0801d1bc 0000000c r mount_pattern.4
0801d1c8 0000000c r pattern.5
0801d1d4 00000004 r pattern.6
0801d1d8 00000004 r pattern.7
0801d1dc 00000008 r roundedMinsizes.8
0801d1e4 00000048 r registerNames.1
0801d22c 0000003c r faultStatusNames.2
0801d268 0000003c r faultStatusValues.3
0801d2a4 00000010 r handledExceptionNames.5
0801d2b8 00000014 r cetkFiles.0
0801d2cc 00000014 r firmwareFiles.2
0801d2e0 000000a0 r hashes.3
0801d3f4 00000028 r firmFolders.0
0801d41c 00000020 r boot11Sha256
0801d43c 00000020 r boot9Sha256
0801d488 00000008 r pattern.0
0801d490 00000004 r pattern.1
0801d494 0000003c r nintendoFilterTwl.2
0801d4d0 00000004 r pattern.3
0801d4d4 00000004 r pattern.4
0801d4d8 00000004 r pattern.5
0801d4dc 00000004 r pattern.6
0801d4e0 00000004 r pattern.7
0801d4e4 00000004 r pattern.8
0801d4e8 00000004 r pattern.9
0801d4ec 00000004 r pattern.10
0801d4f0 00000004 r pattern.11
0801d4f4 0000000c r __rt_memclr_pattern.12
0801d500 00000004 r pattern.13
0801d504 00000004 r pattern.14
0801d508 00000004 r pattern.15
0801d50c 00000004 r pattern.16
0801d510 00000004 r pattern.17
0801d514 00000004 r modulePidPattern.18
0801d518 00000004 r moduleLoadingPattern.19
0801d51c 00000004 r pattern.20
0801d520 00000004 r pattern.21
0801d524 00000004 r pattern.22
0801d528 00000004 r pattern.23
0801d52c 00000004 r pattern.24
0801d530 00000004 r pattern.25
0801d534 00000004 r pattern.26
0801d538 00000004 r pattern2.27
0801d53c 00000004 r pattern.28
0801d540 00000004 r pattern2.29
0801d544 00000004 r pattern.30
0801d548 0000000c r patternKThreadDebugReschedule.31
0801d554 00000004 r patternKPanic.32
0801d558 0000000c r patternHook3_4.33
0801d564 0000000c r patternHook2.34
0801d570 00000005 r patternHook1.35
0801d578 00000004 r pattern.36
0801d57c 00000010 r brightness
0801d58c 00000080 r ExCvt
0801d60c 0000000d r LfnOfs
0801d624 000000bc r cvt2.0
0801d6e0 000001f2 r cvt1.1
0801d8d4 00000100 r uc437
0801d9d4 00000101 R _ctype_
0801dad8 d __frame_dummy_init_array_entry
0801dad8 D __init_array_start
0801dad8 D __preinit_array_end
0801dad8 D __preinit_array_start
0801dadc d __do_global_dtors_aux_fini_array_entry
0801dadc D __init_array_end
0801dae0 A __exidx_end
0801dae0 A __exidx_start
0801dae0 00000018 D fbs
0801daf8 00000001 D needToSetupScreens
0801dafc 00000004 d sdmmcInitResult.0
0801db00 D rebootPatch
0801db08 d pxi_wait_recv
0801db10 d readPxiLoop1
0801dbac d goto_reboot
0801dbb8 d die
0801dbbc d memcpy16
0801dbc8 d copy_loop16
0801dbdc d panic
0801dbec d kernel_func_displ
0801dbf0 d bytes_read
0801dbf4 D rebootPatchFopenPtr
0801dc14 D rebootPatchFileName
0801dcb8 d kernelcode_start
0801dce4 d copy_launch_stub
0801dcec d load_section_loop
0801dd3c d memcpy32
0801dd40 d copy_loop32
0801dd6c d copy_launch_stub_end
0801dd6c d flushCaches
0801dd70 d outer_loop
0801dd74 d inner_loop
0801dda0 d _rebootPatchEnd
0801dda0 D rebootPatchSize
0801ddc0 A __bss_start__
0801ddc0 b completed.1
0801ddc4 b object.0
0801dddc 00002000 b tmpIniBuffer
0801fddc 00000001 b hasIniParseError
0801fde0 00000006 b configDataMcu
0801fde8 00000080 b oldConfig
0801fe68 00000001 B needConfig
0801fe70 00000080 B configData
0801fef0 00000001 B ctrNandLocation
0801fef4 00000004 b fatStart
0801fef8 00000001 b nandSlot
0801fefc 00000010 b nandCtr
0801ff10 00001000 b deliverArg.2
08020f10 00000001 b deliverArgLoaded.3
08020f14 00000004 b fatStart.9
08020f18 00000200 b temp.10
08021118 00000004 b nandSize.11
0802111c 00000004 B emuHeader
08021120 00000004 B emuOffset
08021124 00000004 B firmProtoVersion
08021128 00000001 b nandInitialized.1
08021129 00000001 b sdInitialized.2
0802112c 00010000 b fileCopyBuffer
0803112c 00000238 b nandFs
08031364 00000238 b sdFs
0803159c 00000009 B mcuConsoleInfo
080315a6 00000002 B mcuFwVersion
080315a8 00000001 B bootType
080315ac 000000a2 B launchedPath
08031650 00000100 B launchedPathForFatfs
08031750 00000001 B isSdMode
08031754 00000400 b lut.0
08031b54 00000001 b lutInitialized.1
08031b58 00000200 b lut.2
08031d58 00000001 b lutInitialized.3
08031d60 00000008 b dPadDelay.4
08031d68 00000001 b isChronoStarted.5
08031d69 00000001 b CurrVol
08031d6a 00000002 b Fsid
08031d6c 00000008 b FatFs
08031d74 00000040 b handleSD
08031db4 00000040 b handleNAND
08031df8 A __bss_end__
08031df8 A __end__
