         w __deregister_frame_info
         w __register_frame_info
00000000 A __sync_synchronize
00100000 A __start__
14000000 T _start
14000008 T __service_ptr
1400000c T __apt_appid
14000010 T __heap_size
14000014 T __linear_heap_size
14000018 T __system_arglist
1400001c T __system_runflags
14000020 t startup
14000058 t ClearMem
1400006c t ClrLoop
14000094 T _init
140000c8 00000390 T strcmp
14000450 t __do_global_dtors_aux
14000490 t frame_dummy
140004bc 0000004c t patcher::Bps::crc32(unsigned char const*, unsigned int)
14000508 0000004c W patcher::Bps::Stream<unsigned char const>::ReadNumber()
14000554 00000074 W bool patcher::Bps::Stream<unsigned char>::CopyFrom<unsigned char const>(patcher::Bps::Stream<unsigned char const>&, unsigned int)
140005c8 0000052c T patcherApplyCodeBpsPatch
14000af4 000000bc T Ldr_Get3dsxSize
14000bb0 000004ec T Ldr_CodesetFrom3dsx
1400109c 00000004 t panic.constprop.0
140010a0 000001e8 T hbldrPatchExHeaderInfo
14001288 00000208 T hbldrLoadProcess
14001490 00000110 T hbldrHandleCommands
140015a0 00000088 t IFile_Read.part.0
14001628 00000070 T IFile_Open
14001698 00000028 T IFile_Close
140016c0 00000024 T IFile_GetSize
140016e4 00000028 T IFile_Read
14001710 00000048 T IFile_ReadAt
14001758 00000054 T IFile_Read2
140017ac 000000b0 t lzss_decompress.isra.0
1400185c 00000004 t panic.isra.0
14001860 0000032c t GetProgramInfo
14001b8c 000000a8 T plgldrInit
14001c34 00000a10 T loaderHandleCommands
14002644 00000004 t panic.isra.0
14002648 00000008 T __wrap_exit
14002650 000002d0 T initSystem
14002920 0000006c T main
1400298c 000000d8 T memsearch
14002a64 00000070 T allocateProgramMemory
14002ad4 00000070 t fileOpen.constprop.0
14002b44 000002c4 t applyCodeIpsPatch
14002e08 0000007c T openSysmoduleCxi
14002e88 00000060 T readSysmoduleCxiNcchHeader
14002ee8 00000070 T readSysmoduleCxiExHeaderInfo
14002f58 0000012c T readSysmoduleCxiCode
14003084 00000114 T loadTitleCodeSection
14003198 00000114 T loadTitleExheaderInfo
140032ac 00001704 T patchCode
140049b0 000005a4 T ServiceManager_Run
14004f54 00000038 T progIdToStr
14004f8c 0000012c T srvInit
140050b8 00000060 T srvEnableNotification
14005118 00000090 T srvRegisterService
140051a8 00000058 T srvUnregisterService
14005200 000000a0 T srvGetServiceHandleDirect
140052a0 00000038 T srvGetServiceHandle
140052d8 00000034 T srvSubscribe
1400530c 00000034 T srvUnsubscribe
14005340 00000060 T srvReceiveNotification
140053a0 0000000c T __sync_init
140053ac 00000084 T fsMakePath
14005430 0000000c T fsGetSessionHandle
1400543c 000000d4 T FSUSER_OpenFileDirectly
14005510 000000b4 T FSUSER_OpenDirectory
140055c4 00000094 T FSUSER_OpenArchive
14005658 0000008c T FSUSER_CloseArchive
140056e4 00000030 T FSUSER_InitializeWithSdkVersion
14005714 00000048 T FSUSER_SetPriority
1400575c 00000058 T FSFILE_Read
140057b4 00000038 T FSFILE_GetSize
140057ec 0000003c T FSFILE_Close
14005828 0000003c T FSDIR_Close
14005864 00000074 T fsRegInit
140058d8 000000a0 T FSREG_Register
14005978 0000005c T FSREG_GetProgramInfo
140059d4 0000005c T FSREG_LoadProgram
14005a30 00000038 T FSREG_UnloadProgram
14005a68 00000038 T FSREG_CheckHostLoadId
14005aa0 00000074 T pxiPmInit
14005b14 00000048 T PXIPM_GetProgramInfo
14005b5c 0000007c T PXIPM_RegisterProgram
14005bd8 00000038 T PXIPM_UnregisterProgram
14005c10 0000000c T srvPmGetSessionHandle
14005c1c 000000c0 T utf8_to_utf16
14005cdc T svcControlMemory
14005cfc T svcExitProcess
14005d04 T svcSleepThread
14005d0c T svcCreateAddressArbiter
14005d20 T svcCloseHandle
14005d28 T svcDuplicateHandle
14005d3c T svcGetSystemInfo
14005d54 T svcConnectToPort
14005d68 T svcSendSyncRequest
14005d70 T svcGetProcessId
14005d84 T svcBreak
14005d8c T svcCreatePort
14005dac T svcAcceptSession
14005dc4 T svcReplyAndReceive
14005ddc T svcCreateCodeSet
14005df8 T svcCreateProcess
14005e10 T svcKernelSetState
14005e18 00000084 W envGetHandle
14005e9c 0000013c T decode_utf8
14005fd8 00000054 T encode_utf16
1400602c 0000005c T strlen
14006088 00000160 T memmove
140061e8 000000d4 T memcmp
140062bc 0000004c T strnlen
14006308 00000130 T memcpy
14006438 000000e8 T memset
14006520 000000c4 T strncpy
140065e4 T _fini
1400753c r .LC1
14007590 00000048 r kernelCaps
140075d8 0000002c r dependencyListSafeFirmUids
14007604 00000048 r dependencyListNativeFirmUids
1400764c 00000110 r serviceList
14007760 0000000c r codeContentPath
1400776c 00000008 r notifications
14007774 00000030 r services
140077a4 00000018 r updateRomFsMounts.0
140077bc 000002ec r countries.1
14007aa8 00000034 r languages.2
14007adc 00000020 r regions.3
14007afc 00000014 r paths.6
14007b10 00000005 r pattern.8
14007b18 00000001 r pattern3.10
14007b1c 0000000c r pattern2.11
14007b28 00000004 r pattern.13
14007b2c 00000004 r pattern3.14
14007b30 00000004 r pattern2.15
14007b34 00000004 r pattern.17
14007b38 00000008 r pattern.19
14007b40 00000004 r pattern.21
14007b44 00000004 r pattern.22
14007b48 00000004 r pattern.23
14007b4c 00000004 r pattern.25
14007b50 00000006 r pattern.26
14007b58 00000010 r verStringNandEmu.27
14007b68 00000006 r pattern.28
14007b70 00000004 r pattern.30
14007b74 00000011 r hexDigits.0
14007b88 R __tdata_align
14007b8c r __EH_FRAME_BEGIN__
14007b8c R __exidx_end
14007b8c R __exidx_start
14008000 d _mountArchive
14008000 D romfsRedirPatch
14008004 D romfsRedirPatchSubstituted1
14008008 D romfsRedirPatchHook1
1400800c d _fsRedir
14008010 D romfsRedirPatchSubstituted2
14008014 D romfsRedirPatchHook2
14008018 d mountArchive
1400805c d fsRedir
14008078 d pathRedir
14008084 d pathRedir_1
14008094 d pathRedir_2
140080a8 d pathRedir_3
140080cc d endRedir
140080dc d compare
140080e4 d loop
14008100 D romfsRedirPatchArchiveName
14008104 D romfsRedirPatchFsMountArchive
14008108 D romfsRedirPatchFsRegisterArchive
1400810c D romfsRedirPatchArchiveId
14008110 D romfsRedirPatchRomFsMount
14008114 D romfsRedirPatchUpdateRomFsMount
14008118 D romfsRedirPatchCustomPath
1400811c d _romfsRedirPatchEnd
1400811c D romfsRedirPatchSize
14008120 d __frame_dummy_init_array_entry
14008120 D __tdata_lma
14008120 D __tdata_lma_end
14008124 d __do_global_dtors_aux_fini_array_entry
14008128 D __bss_start__
14008128 b completed.1
1400812c b object.0
14008144 00000400 B ldrArgvBuf
14008544 00000800 b s_relocBuf
14008d44 00000200 b hbldrTarget
14008f44 00000004 b plgldrHandle
14008f48 00000004 b plgldrRefcount
14008f4c 00000200 b g_cached_sysmoduleCxiNcch
14009150 00000008 b g_cached_sysmoduleCxiCookie
14009158 00000018 b g_cached_sysmoduleCxiFile
14009170 00000400 b g_lastAppExheaderInfo
14009570 00000400 b g_exheaderInfo
14009970 00000008 b g_cached_programHandle
14009978 00000004 b g_memoryOverrideConfig
1400997c 00000400 b staticBufferForHbldr
14009d7c 00000001 B isLumaWithKext
14009d7d 00000001 B nextGamePatchDisabled
14009d7e 00000001 B isSdMode
14009d7f 00000001 B isN3DS
14009d80 00000004 B bootConfig
14009d84 00000004 B multiConfig
14009d88 00000004 B config
14009d8c 00000001 b exists.4
14009d90 00000004 b srvRefCount
14009d94 00000004 b srvHandle
14009d98 00000004 b arbiter
14009da0 00000080 b fsExemptArchives
14009e20 00000004 b fsuHandle
14009e24 00000004 b fsRegRefCount
14009e28 00000004 b fsRegHandle
14009e2c 00000004 b pxiPmRefCount
14009e30 00000004 b pxiPmHandle
14009e34 00000004 b srvPmHandle
14009e38 00000004 B __system_argv
14009e3c 00000004 B __system_argc
14009e40 B __bss_end__
14009e40 A __end__
14009e40 B __tls_end
14009e40 B __tls_start
